[Pass 1 time: 0.216 sec     dicttokz]
[Pass 2 time: 0.003 sec     init]
[Pass 3 time: 0 sec     KBFuncs]
[Pass 4 time: 0 sec     funcs]
[Pass 5 time: 0.304 sec     LinesDictTokZ]
[Pass 7 time: 0.212 sec     hashtagWords]
[Pass 8 time: 0.193 sec     acctag]
[Pass 11 time: 0.179 sec     playerSentiment]
[Pass 12 time: 0.184 sec     userSentiment]
[Pass 13 time: 0.195 sec     cricsentiment]
[Pass 15 time: 0.197 sec     supportsentiment]
[Pass 17 time: 0.167 sec     final]
[Input file: c:\Users\dheem\git\Analyzers\CricParser\Cricket\input\text03.txt]
[Total passes: 17]
[Total time: 1.852 sec]
[Time per 1000 chars (1.852/47327): 0.039132 sec]
[Time per pass per 1000 chars: 0.00230188]
infile  passes tottime length tot/1000 tot/pass/1000
c:\Users\dheem\git\Analyzers\CricParser\Cricket\input\text03.txt	17	1.852	47327	0.039132	0.00230188
[Clean time: 0.002 sec]
