[command arg: -ANA]
[command arg: c:\Users\dheem\git\Analyzers\CricParser\Cricket\]
[command arg: -WORK]
[command arg: c:\Users\dheem\.vscode\extensions\dehilster.nlp-2.30.1\nlp-engine]
[command arg: c:\Users\dheem\git\Analyzers\CricParser\Cricket\input\text03.txt]
[command arg: -DEV]
[logfile: c:\Users\dheem\.vscode\extensions\dehilster.nlp-2.30.1\nlp-engine\vtrun_logfile.out]
[rfbdir: c:\Users\dheem\.vscode\extensions\dehilster.nlp-2.30.1\nlp-engine\data\rfb\spec]
[analyzer directory: c:\Users\dheem\git\Analyzers\CricParser\Cricket\]
[analyzer name: ]
[rfb file: c:\Users\dheem\.vscode\extensions\dehilster.nlp-2.30.1\nlp-engine\data\rfb\spec]
[log file: .\tmp\visualtext.log]
[spec directory: c:\Users\dheem\git\Analyzers\CricParser\Cricket\\spec]
[spec file: c:\Users\dheem\git\Analyzers\CricParser\Cricket\\spec\analyzer.seq]
[output directory: c:\Users\dheem\git\Analyzers\CricParser\Cricket\\output]
[infile path: c:\Users\dheem\git\Analyzers\CricParser\Cricket\input\text03.txt]
[outfile path: c:\Users\dheem\git\Analyzers\CricParser\Cricket\\outfile.txt]
[outdir path: c:\Users\dheem\git\Analyzers\CricParser\Cricket\input\text03.txt_log]
[AFTER VTRUN DELETE: ]
Active Algo count=1
